Analysis & Synthesis report for top-module
Wed May 21 16:24:16 2025
Quartus Prime Version 20.1.1 Build 720 11/11/2020 SJ Lite Edition


---------------------
; Table of Contents ;
---------------------
  1. Legal Notice
  2. Analysis & Synthesis Summary
  3. Analysis & Synthesis Settings
  4. Parallel Compilation
  5. Analysis & Synthesis Source Files Read
  6. Analysis & Synthesis Resource Usage Summary
  7. Analysis & Synthesis Resource Utilization by Entity
  8. General Register Statistics
  9. Parameter Settings for User Entity Instance: tick_generator:tick_gen
 10. Port Connectivity Checks: "grid:game_grid"
 11. Post-Synthesis Netlist Statistics for Top Partition
 12. Elapsed Time Per Partition
 13. Analysis & Synthesis Messages



----------------
; Legal Notice ;
----------------
Copyright (C) 2020  Intel Corporation. All rights reserved.
Your use of Intel Corporation's design tools, logic functions 
and other software and tools, and any partner logic 
functions, and any output files from any of the foregoing 
(including device programming or simulation files), and any 
associated documentation or information are expressly subject 
to the terms and conditions of the Intel Program License 
Subscription Agreement, the Intel Quartus Prime License Agreement,
the Intel FPGA IP License Agreement, or other applicable license
agreement, including, without limitation, that your use is for
the sole purpose of programming logic devices manufactured by
Intel and sold by Intel or its authorized distributors.  Please
refer to the applicable agreement for further details, at
https://fpgasoftware.intel.com/eula.



+-------------------------------------------------------------------------------+
; Analysis & Synthesis Summary                                                  ;
+---------------------------------+---------------------------------------------+
; Analysis & Synthesis Status     ; Successful - Wed May 21 16:24:16 2025       ;
; Quartus Prime Version           ; 20.1.1 Build 720 11/11/2020 SJ Lite Edition ;
; Revision Name                   ; top-module                                  ;
; Top-level Entity Name           ; top_module                                  ;
; Family                          ; Cyclone V                                   ;
; Logic utilization (in ALMs)     ; N/A                                         ;
; Total registers                 ; 31                                          ;
; Total pins                      ; 11                                          ;
; Total virtual pins              ; 0                                           ;
; Total block memory bits         ; 0                                           ;
; Total DSP Blocks                ; 0                                           ;
; Total HSSI RX PCSs              ; 0                                           ;
; Total HSSI PMA RX Deserializers ; 0                                           ;
; Total HSSI TX PCSs              ; 0                                           ;
; Total HSSI PMA TX Serializers   ; 0                                           ;
; Total PLLs                      ; 0                                           ;
; Total DLLs                      ; 0                                           ;
+---------------------------------+---------------------------------------------+


+---------------------------------------------------------------------------------------------------------------------------+
; Analysis & Synthesis Settings                                                                                             ;
+---------------------------------------------------------------------------------+--------------------+--------------------+
; Option                                                                          ; Setting            ; Default Value      ;
+---------------------------------------------------------------------------------+--------------------+--------------------+
; Device                                                                          ; 5CGXFC7C7F23C8     ;                    ;
; Top-level entity name                                                           ; top_module         ; top-module         ;
; Family name                                                                     ; Cyclone V          ; Cyclone V          ;
; Use smart compilation                                                           ; Off                ; Off                ;
; Enable parallel Assembler and Timing Analyzer during compilation                ; On                 ; On                 ;
; Enable compact report table                                                     ; Off                ; Off                ;
; Restructure Multiplexers                                                        ; Auto               ; Auto               ;
; MLAB Add Timing Constraints For Mixed-Port Feed-Through Mode Setting Don't Care ; Off                ; Off                ;
; Create Debugging Nodes for IP Cores                                             ; Off                ; Off                ;
; Preserve fewer node names                                                       ; On                 ; On                 ;
; Intel FPGA IP Evaluation Mode                                                   ; Enable             ; Enable             ;
; Verilog Version                                                                 ; Verilog_2001       ; Verilog_2001       ;
; VHDL Version                                                                    ; VHDL_1993          ; VHDL_1993          ;
; State Machine Processing                                                        ; Auto               ; Auto               ;
; Safe State Machine                                                              ; Off                ; Off                ;
; Extract Verilog State Machines                                                  ; On                 ; On                 ;
; Extract VHDL State Machines                                                     ; On                 ; On                 ;
; Ignore Verilog initial constructs                                               ; Off                ; Off                ;
; Iteration limit for constant Verilog loops                                      ; 5000               ; 5000               ;
; Iteration limit for non-constant Verilog loops                                  ; 250                ; 250                ;
; Add Pass-Through Logic to Inferred RAMs                                         ; On                 ; On                 ;
; Infer RAMs from Raw Logic                                                       ; On                 ; On                 ;
; Parallel Synthesis                                                              ; On                 ; On                 ;
; DSP Block Balancing                                                             ; Auto               ; Auto               ;
; NOT Gate Push-Back                                                              ; On                 ; On                 ;
; Power-Up Don't Care                                                             ; On                 ; On                 ;
; Remove Redundant Logic Cells                                                    ; Off                ; Off                ;
; Remove Duplicate Registers                                                      ; On                 ; On                 ;
; Ignore CARRY Buffers                                                            ; Off                ; Off                ;
; Ignore CASCADE Buffers                                                          ; Off                ; Off                ;
; Ignore GLOBAL Buffers                                                           ; Off                ; Off                ;
; Ignore ROW GLOBAL Buffers                                                       ; Off                ; Off                ;
; Ignore LCELL Buffers                                                            ; Off                ; Off                ;
; Ignore SOFT Buffers                                                             ; On                 ; On                 ;
; Limit AHDL Integers to 32 Bits                                                  ; Off                ; Off                ;
; Optimization Technique                                                          ; Balanced           ; Balanced           ;
; Carry Chain Length                                                              ; 70                 ; 70                 ;
; Auto Carry Chains                                                               ; On                 ; On                 ;
; Auto Open-Drain Pins                                                            ; On                 ; On                 ;
; Perform WYSIWYG Primitive Resynthesis                                           ; Off                ; Off                ;
; Auto ROM Replacement                                                            ; On                 ; On                 ;
; Auto RAM Replacement                                                            ; On                 ; On                 ;
; Auto DSP Block Replacement                                                      ; On                 ; On                 ;
; Auto Shift Register Replacement                                                 ; Auto               ; Auto               ;
; Allow Shift Register Merging across Hierarchies                                 ; Auto               ; Auto               ;
; Auto Clock Enable Replacement                                                   ; On                 ; On                 ;
; Strict RAM Replacement                                                          ; Off                ; Off                ;
; Allow Synchronous Control Signals                                               ; On                 ; On                 ;
; Force Use of Synchronous Clear Signals                                          ; Off                ; Off                ;
; Auto Resource Sharing                                                           ; Off                ; Off                ;
; Allow Any RAM Size For Recognition                                              ; Off                ; Off                ;
; Allow Any ROM Size For Recognition                                              ; Off                ; Off                ;
; Allow Any Shift Register Size For Recognition                                   ; Off                ; Off                ;
; Use LogicLock Constraints during Resource Balancing                             ; On                 ; On                 ;
; Ignore translate_off and synthesis_off directives                               ; Off                ; Off                ;
; Timing-Driven Synthesis                                                         ; On                 ; On                 ;
; Report Parameter Settings                                                       ; On                 ; On                 ;
; Report Source Assignments                                                       ; On                 ; On                 ;
; Report Connectivity Checks                                                      ; On                 ; On                 ;
; Ignore Maximum Fan-Out Assignments                                              ; Off                ; Off                ;
; Synchronization Register Chain Length                                           ; 3                  ; 3                  ;
; Power Optimization During Synthesis                                             ; Normal compilation ; Normal compilation ;
; HDL message level                                                               ; Level2             ; Level2             ;
; Suppress Register Optimization Related Messages                                 ; Off                ; Off                ;
; Number of Removed Registers Reported in Synthesis Report                        ; 5000               ; 5000               ;
; Number of Swept Nodes Reported in Synthesis Report                              ; 5000               ; 5000               ;
; Number of Inverted Registers Reported in Synthesis Report                       ; 100                ; 100                ;
; Clock MUX Protection                                                            ; On                 ; On                 ;
; Auto Gated Clock Conversion                                                     ; Off                ; Off                ;
; Block Design Naming                                                             ; Auto               ; Auto               ;
; SDC constraint protection                                                       ; Off                ; Off                ;
; Synthesis Effort                                                                ; Auto               ; Auto               ;
; Shift Register Replacement - Allow Asynchronous Clear Signal                    ; On                 ; On                 ;
; Pre-Mapping Resynthesis Optimization                                            ; Off                ; Off                ;
; Analysis & Synthesis Message Level                                              ; Medium             ; Medium             ;
; Disable Register Merging Across Hierarchies                                     ; Auto               ; Auto               ;
; Resource Aware Inference For Block RAM                                          ; On                 ; On                 ;
; Automatic Parallel Synthesis                                                    ; On                 ; On                 ;
; Partial Reconfiguration Bitstream ID                                            ; Off                ; Off                ;
+---------------------------------------------------------------------------------+--------------------+--------------------+


+------------------------------------------+
; Parallel Compilation                     ;
+----------------------------+-------------+
; Processors                 ; Number      ;
+----------------------------+-------------+
; Number detected on machine ; 8           ;
; Maximum allowed            ; 4           ;
;                            ;             ;
; Average used               ; 1.00        ;
; Maximum used               ; 4           ;
;                            ;             ;
; Usage by Processor         ; % Time Used ;
;     Processor 1            ; 100.0%      ;
;     Processors 2-4         ;   0.0%      ;
+----------------------------+-------------+


+---------------------------------------------------------------------------------------------------------------------------------------------+
; Analysis & Synthesis Source Files Read                                                                                                      ;
+----------------------------------+-----------------+------------------------+-----------------------------------------------------+---------+
; File Name with User-Entered Path ; Used in Netlist ; File Type              ; File Name with Absolute Path                        ; Library ;
+----------------------------------+-----------------+------------------------+-----------------------------------------------------+---------+
; ../top_module.v                  ; yes             ; User Verilog HDL File  ; C:/Users/carme/Desktop/tetris-FPGA/top_module.v     ;         ;
; ../tick_generator.v              ; yes             ; User Verilog HDL File  ; C:/Users/carme/Desktop/tetris-FPGA/tick_generator.v ;         ;
; ../grid.v                        ; yes             ; User Verilog HDL File  ; C:/Users/carme/Desktop/tetris-FPGA/grid.v           ;         ;
+----------------------------------+-----------------+------------------------+-----------------------------------------------------+---------+


+---------------------------------------------------------+
; Analysis & Synthesis Resource Usage Summary             ;
+---------------------------------------------+-----------+
; Resource                                    ; Usage     ;
+---------------------------------------------+-----------+
; Estimate of Logic utilization (ALMs needed) ; 20        ;
;                                             ;           ;
; Combinational ALUT usage for logic          ; 35        ;
;     -- 7 input functions                    ; 0         ;
;     -- 6 input functions                    ; 4         ;
;     -- 5 input functions                    ; 4         ;
;     -- 4 input functions                    ; 0         ;
;     -- <=3 input functions                  ; 27        ;
;                                             ;           ;
; Dedicated logic registers                   ; 31        ;
;                                             ;           ;
; I/O pins                                    ; 11        ;
;                                             ;           ;
; Total DSP Blocks                            ; 0         ;
;                                             ;           ;
; Maximum fan-out node                        ; clk~input ;
; Maximum fan-out                             ; 31        ;
; Total fan-out                               ; 234       ;
; Average fan-out                             ; 2.66      ;
+---------------------------------------------+-----------+


+-------------------------------------------------------------------------------------------------------------------------------------------------------------------------------------------------------------+
; Analysis & Synthesis Resource Utilization by Entity                                                                                                                                                         ;
+------------------------------+---------------------+---------------------------+-------------------+------------+------+--------------+-------------------------------------+----------------+--------------+
; Compilation Hierarchy Node   ; Combinational ALUTs ; Dedicated Logic Registers ; Block Memory Bits ; DSP Blocks ; Pins ; Virtual Pins ; Full Hierarchy Name                 ; Entity Name    ; Library Name ;
+------------------------------+---------------------+---------------------------+-------------------+------------+------+--------------+-------------------------------------+----------------+--------------+
; |top_module                  ; 35 (5)              ; 31 (5)                    ; 0                 ; 0          ; 11   ; 0            ; |top_module                         ; top_module     ; work         ;
;    |tick_generator:tick_gen| ; 30 (30)             ; 26 (26)                   ; 0                 ; 0          ; 0    ; 0            ; |top_module|tick_generator:tick_gen ; tick_generator ; work         ;
+------------------------------+---------------------+---------------------------+-------------------+------------+------+--------------+-------------------------------------+----------------+--------------+
Note: For table entries with two numbers listed, the numbers in parentheses indicate the number of resources of the given type used by the specific entity alone. The numbers listed outside of parentheses indicate the total resources of the given type used by the specific entity and all of its sub-entities in the hierarchy.


+------------------------------------------------------+
; General Register Statistics                          ;
+----------------------------------------------+-------+
; Statistic                                    ; Value ;
+----------------------------------------------+-------+
; Total registers                              ; 31    ;
; Number of registers using Synchronous Clear  ; 25    ;
; Number of registers using Synchronous Load   ; 0     ;
; Number of registers using Asynchronous Clear ; 31    ;
; Number of registers using Asynchronous Load  ; 0     ;
; Number of registers using Clock Enable       ; 3     ;
; Number of registers using Preset             ; 0     ;
+----------------------------------------------+-------+


+----------------------------------------------------------------------+
; Parameter Settings for User Entity Instance: tick_generator:tick_gen ;
+----------------+----------+------------------------------------------+
; Parameter Name ; Value    ; Type                                     ;
+----------------+----------+------------------------------------------+
; N              ; 25000000 ; Signed Integer                           ;
+----------------+----------+------------------------------------------+
Note: In order to hide this table in the UI and the text report file, please set the "Show Parameter Settings in Synthesis Report" option in "Analysis and Synthesis Settings -> More Settings" to "Off".


+------------------------------------------------------------------------------------------------------------------------------------+
; Port Connectivity Checks: "grid:game_grid"                                                                                         ;
+--------------------------+--------+----------+-------------------------------------------------------------------------------------+
; Port                     ; Type   ; Severity ; Details                                                                             ;
+--------------------------+--------+----------+-------------------------------------------------------------------------------------+
; x[1..0]                  ; Input  ; Info     ; Stuck at GND                                                                        ;
; x[3]                     ; Input  ; Info     ; Stuck at GND                                                                        ;
; x[2]                     ; Input  ; Info     ; Stuck at VCC                                                                        ;
; enable_reading           ; Input  ; Info     ; Stuck at GND                                                                        ;
; state_of_the_cell_output ; Output ; Info     ; Connected to dangling logic. Logic that only feeds a dangling port will be removed. ;
+--------------------------+--------+----------+-------------------------------------------------------------------------------------+


+-----------------------------------------------------+
; Post-Synthesis Netlist Statistics for Top Partition ;
+-----------------------+-----------------------------+
; Type                  ; Count                       ;
+-----------------------+-----------------------------+
; arriav_ff             ; 31                          ;
;     CLR               ; 3                           ;
;     CLR SCLR          ; 25                          ;
;     ENA CLR           ; 3                           ;
; arriav_lcell_comb     ; 37                          ;
;     arith             ; 25                          ;
;         1 data inputs ; 25                          ;
;     normal            ; 12                          ;
;         0 data inputs ; 2                           ;
;         1 data inputs ; 1                           ;
;         3 data inputs ; 1                           ;
;         5 data inputs ; 4                           ;
;         6 data inputs ; 4                           ;
; boundary_port         ; 11                          ;
;                       ;                             ;
; Max LUT depth         ; 3.40                        ;
; Average LUT depth     ; 2.32                        ;
+-----------------------+-----------------------------+


+-------------------------------+
; Elapsed Time Per Partition    ;
+----------------+--------------+
; Partition Name ; Elapsed Time ;
+----------------+--------------+
; Top            ; 00:00:00     ;
+----------------+--------------+


+-------------------------------+
; Analysis & Synthesis Messages ;
+-------------------------------+
Info: *******************************************************************
Info: Running Quartus Prime Analysis & Synthesis
    Info: Version 20.1.1 Build 720 11/11/2020 SJ Lite Edition
    Info: Processing started: Wed May 21 16:23:59 2025
Info: Command: quartus_map --read_settings_files=on --write_settings_files=off top-module -c top-module
Warning (18236): Number of processors has not been specified which may cause overloading on shared machines.  Set the global assignment NUM_PARALLEL_PROCESSORS in your QSF to an appropriate value for best performance.
Info (20030): Parallel compilation is enabled and will use 4 of the 4 processors detected
Info (12021): Found 1 design units, including 1 entities, in source file /users/carme/desktop/tetris-fpga/top_module_tb.v
    Info (12023): Found entity 1: top_module_tb File: C:/Users/carme/Desktop/tetris-FPGA/top_module_tb.v Line: 3
Info (12021): Found 1 design units, including 1 entities, in source file /users/carme/desktop/tetris-fpga/top_module.v
    Info (12023): Found entity 1: top_module File: C:/Users/carme/Desktop/tetris-FPGA/top_module.v Line: 6
Info (12021): Found 1 design units, including 1 entities, in source file /users/carme/desktop/tetris-fpga/tick_generator.v
    Info (12023): Found entity 1: tick_generator File: C:/Users/carme/Desktop/tetris-FPGA/tick_generator.v Line: 1
Info (12021): Found 1 design units, including 1 entities, in source file /users/carme/desktop/tetris-fpga/grid.v
    Info (12023): Found entity 1: grid File: C:/Users/carme/Desktop/tetris-FPGA/grid.v Line: 1
Info (12021): Found 1 design units, including 1 entities, in source file /users/carme/desktop/tetris-fpga/clock_divider.v
    Info (12023): Found entity 1: clock_divider File: C:/Users/carme/Desktop/tetris-FPGA/clock_divider.v Line: 4
Info (12021): Found 1 design units, including 1 entities, in source file /users/carme/desktop/tetris-fpga/background.v
    Info (12023): Found entity 1: background File: C:/Users/carme/Desktop/tetris-FPGA/background.v Line: 3
Info (12021): Found 1 design units, including 1 entities, in source file /users/carme/desktop/tetris-fpga/afpl.v
    Info (12023): Found entity 1: AFPL File: C:/Users/carme/Desktop/tetris-FPGA/AFPL.v Line: 1
Info (12127): Elaborating entity "top_module" for the top level hierarchy
Warning (10230): Verilog HDL assignment warning at top_module.v(64): truncated value with size 32 to match size of target (5) File: C:/Users/carme/Desktop/tetris-FPGA/top_module.v Line: 64
Warning (10240): Verilog HDL Always Construct warning at top_module.v(53): inferring latch(es) for variable "x", which holds its previous value in one or more paths through the always construct File: C:/Users/carme/Desktop/tetris-FPGA/top_module.v Line: 53
Info (10041): Inferred latch for "x[0]" at top_module.v(53) File: C:/Users/carme/Desktop/tetris-FPGA/top_module.v Line: 53
Info (10041): Inferred latch for "x[1]" at top_module.v(53) File: C:/Users/carme/Desktop/tetris-FPGA/top_module.v Line: 53
Info (10041): Inferred latch for "x[2]" at top_module.v(53) File: C:/Users/carme/Desktop/tetris-FPGA/top_module.v Line: 53
Info (10041): Inferred latch for "x[3]" at top_module.v(53) File: C:/Users/carme/Desktop/tetris-FPGA/top_module.v Line: 53
Info (12128): Elaborating entity "tick_generator" for hierarchy "tick_generator:tick_gen" File: C:/Users/carme/Desktop/tetris-FPGA/top_module.v Line: 32
Warning (10230): Verilog HDL assignment warning at tick_generator.v(20): truncated value with size 32 to match size of target (25) File: C:/Users/carme/Desktop/tetris-FPGA/tick_generator.v Line: 20
Info (12128): Elaborating entity "grid" for hierarchy "grid:game_grid" File: C:/Users/carme/Desktop/tetris-FPGA/top_module.v Line: 45
Warning (13024): Output pins are stuck at VCC or GND
    Warning (13410): Pin "current_x[0]" is stuck at GND File: C:/Users/carme/Desktop/tetris-FPGA/top_module.v Line: 10
    Warning (13410): Pin "current_x[1]" is stuck at GND File: C:/Users/carme/Desktop/tetris-FPGA/top_module.v Line: 10
    Warning (13410): Pin "current_x[2]" is stuck at VCC File: C:/Users/carme/Desktop/tetris-FPGA/top_module.v Line: 10
    Warning (13410): Pin "current_x[3]" is stuck at GND File: C:/Users/carme/Desktop/tetris-FPGA/top_module.v Line: 10
Info (286030): Timing-Driven Synthesis is running
Info (16010): Generating hard_block partition "hard_block:auto_generated_inst"
    Info (16011): Adding 0 node(s), including 0 DDIO, 0 PLL, 0 transceiver and 0 LCELL
Info (21057): Implemented 47 device resources after synthesis - the final resource count might be different
    Info (21058): Implemented 2 input pins
    Info (21059): Implemented 9 output pins
    Info (21061): Implemented 36 logic cells
Info: Quartus Prime Analysis & Synthesis was successful. 0 errors, 9 warnings
    Info: Peak virtual memory: 4820 megabytes
    Info: Processing ended: Wed May 21 16:24:16 2025
    Info: Elapsed time: 00:00:17
    Info: Total CPU time (on all processors): 00:00:33


